<?xml version="1.0" encoding="UTF-8"?>
<!-- Generated by org.testng.reporters.JUnitReportReporter -->
<testsuite hostname="DESKTOP-7DR900E" failures="0" tests="1" name="com.testcases.CustomerTypeTestCases" time="30.171" errors="0" timestamp="2023-10-13T13:29:18 IST" skipped="0">
  <testcase classname="com.testcases.CustomerTypeTestCases" name="addCustomerValidation" time="30.171"/>
</testsuite> <!-- com.testcases.CustomerTypeTestCases -->
