<?xml version="1.0" encoding="UTF-8"?>
<!-- Generated by org.testng.reporters.JUnitReportReporter -->
<testsuite hostname="DESKTOP-7DR900E" failures="0" tests="1" name="com.testcases.UsertypeTestCases" time="34.638" errors="0" timestamp="2023-10-12T16:07:25 IST" skipped="0">
  <testcase classname="com.testcases.UsertypeTestCases" name="UserTypeValidation" time="34.638"/>
</testsuite> <!-- com.testcases.UsertypeTestCases -->
