<?xml version="1.0" encoding="UTF-8"?>
<!-- Generated by org.testng.reporters.JUnitReportReporter -->
<testsuite hostname="DESKTOP-7DR900E" failures="0" tests="1" name="com.testcases.ProductAddTest" time="40.839" errors="0" timestamp="2023-10-11T09:36:08 IST" skipped="0">
  <testcase classname="com.testcases.ProductAddTest" name="productValidation" time="40.839"/>
</testsuite> <!-- com.testcases.ProductAddTest -->
