<?xml version="1.0" encoding="UTF-8"?>
<!-- Generated by org.testng.reporters.JUnitReportReporter -->
<testsuite hostname="DESKTOP-7DR900E" failures="0" tests="3" name="com.testcases.LocationTestCases" time="39.196" errors="0" timestamp="2023-10-30T11:19:40 IST" skipped="0">
  <testcase classname="com.testcases.LocationTestCases" name="addNewLocationValidation" time="16.789"/>
  <testcase classname="com.testcases.LocationTestCases" name="editLocationValidation" time="13.649"/>
  <testcase classname="com.testcases.LocationTestCases" name="deleteLocationValidation" time="8.758"/>
</testsuite> <!-- com.testcases.LocationTestCases -->
