<?xml version="1.0" encoding="UTF-8"?>
<!-- Generated by org.testng.reporters.JUnitReportReporter -->
<testsuite hostname="DESKTOP-7DR900E" failures="0" tests="1" name="com.testcases.MoveToTestCases" time="49.900" errors="0" timestamp="2023-10-11T15:11:46 IST" skipped="0">
  <testcase classname="com.testcases.MoveToTestCases" name="MoveStockValidation" time="49.900"/>
</testsuite> <!-- com.testcases.MoveToTestCases -->
