<?xml version="1.0" encoding="UTF-8"?>
<!-- Generated by org.testng.reporters.JUnitReportReporter -->
<testsuite hostname="DESKTOP-7DR900E" failures="0" tests="1" name="com.testcases.HolidayTestCases" time="29.728" errors="0" timestamp="2023-10-16T15:33:48 IST" skipped="0">
  <testcase classname="com.testcases.HolidayTestCases" name="HolidayFunctionalityValidation" time="29.728"/>
</testsuite> <!-- com.testcases.HolidayTestCases -->
