<?xml version="1.0" encoding="UTF-8"?>
<!-- Generated by org.testng.reporters.JUnitReportReporter -->
<testsuite hostname="DESKTOP-7DR900E" failures="0" tests="3" name="com.testcases.ConditionTestCases" time="41.361" errors="0" timestamp="2023-10-31T14:16:49 IST" skipped="0">
  <testcase classname="com.testcases.ConditionTestCases" name="addNewCondition" time="19.186"/>
  <testcase classname="com.testcases.ConditionTestCases" name="EditCondition" time="12.776"/>
  <testcase classname="com.testcases.ConditionTestCases" name="DeleteCondition" time="9.399"/>
</testsuite> <!-- com.testcases.ConditionTestCases -->
