<?xml version="1.0" encoding="UTF-8"?>
<!-- Generated by org.testng.reporters.JUnitReportReporter -->
<testsuite hostname="DESKTOP-7DR900E" failures="0" tests="1" name="com.testcases.MoveToTestCases" time="42.538" errors="0" timestamp="2023-10-12T14:30:05 IST" skipped="0">
  <testcase classname="com.testcases.MoveToTestCases" name="MoveStockValidation" time="42.538"/>
</testsuite> <!-- com.testcases.MoveToTestCases -->
