<?xml version="1.0" encoding="UTF-8"?>
<!-- Generated by org.testng.reporters.JUnitReportReporter -->
<testsuite hostname="DESKTOP-7DR900E" failures="0" tests="1" name="com.testcases.CategoriesTestCases" time="41.374" errors="0" timestamp="2023-10-26T13:41:24 IST" skipped="0">
  <testcase classname="com.testcases.CategoriesTestCases" name="CategoriesFunctionalityValidation" time="41.374"/>
</testsuite> <!-- com.testcases.CategoriesTestCases -->
