<?xml version="1.0" encoding="UTF-8"?>
<!-- Generated by org.testng.reporters.JUnitReportReporter -->
<testsuite hostname="DESKTOP-7DR900E" failures="0" tests="1" name="com.testcases.LogOutTestCases" time="9.256" errors="0" timestamp="2023-10-16T18:46:04 IST" skipped="0">
  <testcase classname="com.testcases.LogOutTestCases" name="LogoutValidation" time="9.256"/>
</testsuite> <!-- com.testcases.LogOutTestCases -->
