<?xml version="1.0" encoding="UTF-8"?>
<!-- Generated by org.testng.reporters.JUnitReportReporter -->
<testsuite hostname="DESKTOP-7DR900E" failures="0" tests="1" name="com.testcases.OriginalLoginTestCases" time="10.363" errors="0" timestamp="2023-10-10T13:08:20 IST" skipped="0">
  <testcase classname="com.testcases.OriginalLoginTestCases" name="verifyLogin" time="10.363"/>
</testsuite> <!-- com.testcases.OriginalLoginTestCases -->
