<?xml version="1.0" encoding="UTF-8"?>
<!-- Generated by org.testng.reporters.JUnitReportReporter -->
<testsuite hostname="DESKTOP-7DR900E" failures="0" tests="1" name="com.testcases.SubCategoriesTestCases" time="46.565" errors="0" timestamp="2023-10-26T18:55:42 IST" skipped="0">
  <testcase classname="com.testcases.SubCategoriesTestCases" name="SubCategoriesFunctionalityValidation" time="46.565"/>
</testsuite> <!-- com.testcases.SubCategoriesTestCases -->
