<?xml version="1.0" encoding="UTF-8"?>
<!-- Generated by org.testng.reporters.JUnitReportReporter -->
<testsuite hostname="DESKTOP-7DR900E" failures="0" tests="1" name="com.testcases.UsertypeTestCases" time="31.792" errors="0" timestamp="2023-10-13T13:28:21 IST" skipped="0">
  <testcase classname="com.testcases.UsertypeTestCases" name="UserTypeValidation" time="31.792"/>
</testsuite> <!-- com.testcases.UsertypeTestCases -->
