<?xml version="1.0" encoding="UTF-8"?>
<!-- Generated by org.testng.reporters.JUnitReportReporter -->
<testsuite hostname="DESKTOP-7DR900E" failures="0" tests="2" name="com.testcases.ShiftTestCases" time="29.422" errors="0" timestamp="2023-10-31T17:39:24 IST" skipped="0">
  <testcase classname="com.testcases.ShiftTestCases" name="addShift" time="19.984"/>
  <testcase classname="com.testcases.ShiftTestCases" name="DeleteShift" time="9.438"/>
</testsuite> <!-- com.testcases.ShiftTestCases -->
